[2018-03-08T13:37:07.282] [INFO] dateFile - ===================
[2018-03-08T13:37:13.079] [INFO] dateFile - ===================
[2018-03-08T13:38:09.619] [INFO] dateFile - [ { index: 0, fileDir: 'E:\\github\\fastmap\\sources\\20180307' },
  { index: 1,
    fileDir: 'E:\\github\\fastmap\\sources\\20180307-left' },
  { index: 2,
    fileDir: 'E:\\github\\fastmap\\sources\\20180307-right' } ]
[2018-03-08T13:49:07.650] [INFO] dateFile - [ { index: 0, fileDir: 'E:\\github\\fastmap\\sources\\20180307' },
  { index: 1,
    fileDir: 'E:\\github\\fastmap\\sources\\20180307-left' },
  { index: 2,
    fileDir: 'E:\\github\\fastmap\\sources\\20180307-right' } ]
[2018-03-08T13:49:11.272] [INFO] dateFile - [ { index: 0, fileDir: 'E:\\github\\fastmap\\sources\\20180307' },
  { index: 1,
    fileDir: 'E:\\github\\fastmap\\sources\\20180307-left' },
  { index: 2,
    fileDir: 'E:\\github\\fastmap\\sources\\20180307-right' } ]
[2018-03-08T13:54:06.543] [INFO] dateFile - [ { index: 0, fileDir: 'E:\\github\\fastmap\\sources\\20180307' },
  { index: 1,
    fileDir: 'E:\\github\\fastmap\\sources\\20180307-left' },
  { index: 2,
    fileDir: 'E:\\github\\fastmap\\sources\\20180307-right' } ]
[2018-03-08T13:54:06.563] [ERROR] dateFile - 接口undefined
[2018-03-08T13:54:06.566] [ERROR] dateFile - 接口/trackView/business/list?parameter={%22x%22:53947,%22y%22:24808,%22z%22:16}
[2018-03-08T13:55:14.058] [INFO] dateFile - [ { index: 0, fileDir: 'E:\\github\\fastmap\\sources\\20180307' },
  { index: 1,
    fileDir: 'E:\\github\\fastmap\\sources\\20180307-left' },
  { index: 2,
    fileDir: 'E:\\github\\fastmap\\sources\\20180307-right' } ]
[2018-03-08T13:55:14.060] [ERROR] dateFile - 接口undefined
[2018-03-08T13:55:14.061] [ERROR] dateFile - 接口/trackView/business/list?parameter={%22x%22:53947,%22y%22:24808,%22z%22:16}
[2018-03-08T13:55:37.446] [INFO] dateFile - [ { index: 0, fileDir: 'E:\\github\\fastmap\\sources\\20180307' },
  { index: 1,
    fileDir: 'E:\\github\\fastmap\\sources\\20180307-left' },
  { index: 2,
    fileDir: 'E:\\github\\fastmap\\sources\\20180307-right' } ]
[2018-03-08T13:55:37.449] [ERROR] dateFile - 接口undefined
[2018-03-08T13:55:37.449] [ERROR] dateFile - 接口/trackView/business/list?parameter={%22x%22:53947,%22y%22:24808,%22z%22:16}
[2018-03-08T13:56:04.110] [INFO] dateFile - [ { index: 0, fileDir: 'E:\\github\\fastmap\\sources\\20180307' },
  { index: 1,
    fileDir: 'E:\\github\\fastmap\\sources\\20180307-left' },
  { index: 2,
    fileDir: 'E:\\github\\fastmap\\sources\\20180307-right' } ]
[2018-03-08T13:56:04.117] [ERROR] dateFile - 接口/trackView/business/list?parameter={%22x%22:53947,%22y%22:24808,%22z%22:16}请求失败! TypeError: sourceArr.each is not a function
    at E:/github/fastmap/TrackViewer/routes/business.js:11:19
    at Layer.handle [as handle_request] (E:\github\fastmap\TrackViewer\node_modules\express\lib\router\layer.js:95:5)
    at next (E:\github\fastmap\TrackViewer\node_modules\express\lib\router\route.js:137:13)
    at Route.dispatch (E:\github\fastmap\TrackViewer\node_modules\express\lib\router\route.js:112:3)
    at Layer.handle [as handle_request] (E:\github\fastmap\TrackViewer\node_modules\express\lib\router\layer.js:95:5)
    at E:\github\fastmap\TrackViewer\node_modules\express\lib\router\index.js:281:22
    at Function.process_params (E:\github\fastmap\TrackViewer\node_modules\express\lib\router\index.js:335:12)
    at next (E:\github\fastmap\TrackViewer\node_modules\express\lib\router\index.js:275:10)
    at Function.handle (E:\github\fastmap\TrackViewer\node_modules\express\lib\router\index.js:174:3)
    at router (E:\github\fastmap\TrackViewer\node_modules\express\lib\router\index.js:47:12)
[2018-03-08T13:56:29.324] [INFO] dateFile - [ { index: 0, fileDir: 'E:\\github\\fastmap\\sources\\20180307' },
  { index: 1,
    fileDir: 'E:\\github\\fastmap\\sources\\20180307-left' },
  { index: 2,
    fileDir: 'E:\\github\\fastmap\\sources\\20180307-right' } ]
[2018-03-08T13:58:14.539] [INFO] dateFile - [ { index: 0, fileDir: 'E:\\github\\fastmap\\sources\\20180307' },
  { index: 1,
    fileDir: 'E:\\github\\fastmap\\sources\\20180307-left' },
  { index: 2,
    fileDir: 'E:\\github\\fastmap\\sources\\20180307-right' } ]
[2018-03-08T13:58:14.549] [INFO] dateFile - { index: 0, fileDir: 'E:\\github\\fastmap\\sources\\20180307' } 0 [ { index: 0, fileDir: 'E:\\github\\fastmap\\sources\\20180307' },
  { index: 1,
    fileDir: 'E:\\github\\fastmap\\sources\\20180307-left' },
  { index: 2,
    fileDir: 'E:\\github\\fastmap\\sources\\20180307-right' } ]
[2018-03-08T13:58:14.550] [INFO] dateFile - { index: 1,
  fileDir: 'E:\\github\\fastmap\\sources\\20180307-left' } 1 [ { index: 0, fileDir: 'E:\\github\\fastmap\\sources\\20180307' },
  { index: 1,
    fileDir: 'E:\\github\\fastmap\\sources\\20180307-left' },
  { index: 2,
    fileDir: 'E:\\github\\fastmap\\sources\\20180307-right' } ]
[2018-03-08T13:58:14.551] [INFO] dateFile - { index: 2,
  fileDir: 'E:\\github\\fastmap\\sources\\20180307-right' } 2 [ { index: 0, fileDir: 'E:\\github\\fastmap\\sources\\20180307' },
  { index: 1,
    fileDir: 'E:\\github\\fastmap\\sources\\20180307-left' },
  { index: 2,
    fileDir: 'E:\\github\\fastmap\\sources\\20180307-right' } ]
[2018-03-08T14:04:20.722] [INFO] dateFile - [ { index: 0, fileDir: 'E:\\github\\fastmap\\sources\\20180307' },
  { index: 1,
    fileDir: 'E:\\github\\fastmap\\sources\\20180307-left' },
  { index: 2,
    fileDir: 'E:\\github\\fastmap\\sources\\20180307-right' } ]
[2018-03-08T14:04:20.723] [INFO] dateFile - { index: 0, fileDir: 'E:\\github\\fastmap\\sources\\20180307' } 0 [ { index: 0, fileDir: 'E:\\github\\fastmap\\sources\\20180307' },
  { index: 1,
    fileDir: 'E:\\github\\fastmap\\sources\\20180307-left' },
  { index: 2,
    fileDir: 'E:\\github\\fastmap\\sources\\20180307-right' } ]
[2018-03-08T14:04:20.724] [INFO] dateFile - { index: 1,
  fileDir: 'E:\\github\\fastmap\\sources\\20180307-left' } 1 [ { index: 0, fileDir: 'E:\\github\\fastmap\\sources\\20180307' },
  { index: 1,
    fileDir: 'E:\\github\\fastmap\\sources\\20180307-left' },
  { index: 2,
    fileDir: 'E:\\github\\fastmap\\sources\\20180307-right' } ]
[2018-03-08T14:04:20.725] [INFO] dateFile - { index: 2,
  fileDir: 'E:\\github\\fastmap\\sources\\20180307-right' } 2 [ { index: 0, fileDir: 'E:\\github\\fastmap\\sources\\20180307' },
  { index: 1,
    fileDir: 'E:\\github\\fastmap\\sources\\20180307-left' },
  { index: 2,
    fileDir: 'E:\\github\\fastmap\\sources\\20180307-right' } ]
[2018-03-08T14:30:53.922] [ERROR] dateFile - 接口/trackView/business/list请求失败! Error: 自定义异常
    at E:/github/fastmap/TrackViewer/routes/business.js:18:15
    at Layer.handle [as handle_request] (E:\github\fastmap\TrackViewer\node_modules\express\lib\router\layer.js:95:5)
    at next (E:\github\fastmap\TrackViewer\node_modules\express\lib\router\route.js:137:13)
    at Route.dispatch (E:\github\fastmap\TrackViewer\node_modules\express\lib\router\route.js:112:3)
    at Layer.handle [as handle_request] (E:\github\fastmap\TrackViewer\node_modules\express\lib\router\layer.js:95:5)
    at E:\github\fastmap\TrackViewer\node_modules\express\lib\router\index.js:281:22
    at Function.process_params (E:\github\fastmap\TrackViewer\node_modules\express\lib\router\index.js:335:12)
    at next (E:\github\fastmap\TrackViewer\node_modules\express\lib\router\index.js:275:10)
    at Function.handle (E:\github\fastmap\TrackViewer\node_modules\express\lib\router\index.js:174:3)
    at router (E:\github\fastmap\TrackViewer\node_modules\express\lib\router\index.js:47:12)
[2018-03-08T14:31:48.963] [ERROR] dateFile - 接口/trackView/business/list请求失败! Error: 自定义异常
    at E:/github/fastmap/TrackViewer/routes/business.js:18:15
    at Layer.handle [as handle_request] (E:\github\fastmap\TrackViewer\node_modules\express\lib\router\layer.js:95:5)
    at next (E:\github\fastmap\TrackViewer\node_modules\express\lib\router\route.js:137:13)
    at Route.dispatch (E:\github\fastmap\TrackViewer\node_modules\express\lib\router\route.js:112:3)
    at Layer.handle [as handle_request] (E:\github\fastmap\TrackViewer\node_modules\express\lib\router\layer.js:95:5)
    at E:\github\fastmap\TrackViewer\node_modules\express\lib\router\index.js:281:22
    at Function.process_params (E:\github\fastmap\TrackViewer\node_modules\express\lib\router\index.js:335:12)
    at next (E:\github\fastmap\TrackViewer\node_modules\express\lib\router\index.js:275:10)
    at Function.handle (E:\github\fastmap\TrackViewer\node_modules\express\lib\router\index.js:174:3)
    at router (E:\github\fastmap\TrackViewer\node_modules\express\lib\router\index.js:47:12)
[2018-03-08T16:04:24.947] [ERROR] dateFile - 接口/trackView/business/getPhotosByIndex请求失败! TypeError: Cannot read property 'query' of undefined
    at new Business (E:/github/fastmap/TrackViewer/server/controller/Business.js:6:34)
    at E:/github/fastmap/TrackViewer/routes/business.js:13:24
    at Layer.handle [as handle_request] (E:\github\fastmap\TrackViewer\node_modules\express\lib\router\layer.js:95:5)
    at next (E:\github\fastmap\TrackViewer\node_modules\express\lib\router\route.js:137:13)
    at Route.dispatch (E:\github\fastmap\TrackViewer\node_modules\express\lib\router\route.js:112:3)
    at Layer.handle [as handle_request] (E:\github\fastmap\TrackViewer\node_modules\express\lib\router\layer.js:95:5)
    at E:\github\fastmap\TrackViewer\node_modules\express\lib\router\index.js:281:22
    at Function.process_params (E:\github\fastmap\TrackViewer\node_modules\express\lib\router\index.js:335:12)
    at next (E:\github\fastmap\TrackViewer\node_modules\express\lib\router\index.js:275:10)
    at Function.handle (E:\github\fastmap\TrackViewer\node_modules\express\lib\router\index.js:174:3)
[2018-03-08T16:05:05.582] [ERROR] dateFile - 接口/trackView/business/getPhotosByIndex请求失败! ReferenceError: list is not defined
    at E:/github/fastmap/TrackViewer/routes/business.js:16:24
    at Layer.handle [as handle_request] (E:\github\fastmap\TrackViewer\node_modules\express\lib\router\layer.js:95:5)
    at next (E:\github\fastmap\TrackViewer\node_modules\express\lib\router\route.js:137:13)
    at Route.dispatch (E:\github\fastmap\TrackViewer\node_modules\express\lib\router\route.js:112:3)
    at Layer.handle [as handle_request] (E:\github\fastmap\TrackViewer\node_modules\express\lib\router\layer.js:95:5)
    at E:\github\fastmap\TrackViewer\node_modules\express\lib\router\index.js:281:22
    at Function.process_params (E:\github\fastmap\TrackViewer\node_modules\express\lib\router\index.js:335:12)
    at next (E:\github\fastmap\TrackViewer\node_modules\express\lib\router\index.js:275:10)
    at Function.handle (E:\github\fastmap\TrackViewer\node_modules\express\lib\router\index.js:174:3)
    at router (E:\github\fastmap\TrackViewer\node_modules\express\lib\router\index.js:47:12)
[2018-03-08T16:28:07.378] [ERROR] dateFile - 接口/trackView/business/getPhotosByIndex?q=1请求失败! ReferenceError: file is not defined
    at new NewSqlite (E:/github/fastmap/TrackViewer/server/sqliteConnect.js:8:25)
    at new Business (E:/github/fastmap/TrackViewer/server/controller/Business.js:9:19)
    at E:/github/fastmap/TrackViewer/routes/business.js:13:24
    at Layer.handle [as handle_request] (E:\github\fastmap\TrackViewer\node_modules\express\lib\router\layer.js:95:5)
    at next (E:\github\fastmap\TrackViewer\node_modules\express\lib\router\route.js:137:13)
    at Route.dispatch (E:\github\fastmap\TrackViewer\node_modules\express\lib\router\route.js:112:3)
    at Layer.handle [as handle_request] (E:\github\fastmap\TrackViewer\node_modules\express\lib\router\layer.js:95:5)
    at E:\github\fastmap\TrackViewer\node_modules\express\lib\router\index.js:281:22
    at Function.process_params (E:\github\fastmap\TrackViewer\node_modules\express\lib\router\index.js:335:12)
    at next (E:\github\fastmap\TrackViewer\node_modules\express\lib\router\index.js:275:10)
[2018-03-08T16:28:28.670] [INFO] dateFile - [ { index: 0,
    fileDir: 'E:\\github\\fastmap\\sources\\20180307',
    createTime: '2018-03-08' },
  { index: 1,
    fileDir: 'E:\\github\\fastmap\\sources\\20180307-left',
    createTime: '2018-03-08' },
  { index: 2,
    fileDir: 'E:\\github\\fastmap\\sources\\20180307-right',
    createTime: '2018-03-08' } ]
[2018-03-08T16:34:53.594] [INFO] dateFile - [ { dirIndex: 0,
    fileDir: 'E:\\github\\fastmap\\sources\\20180307',
    createTime: '2018-03-08' },
  { dirIndex: 1,
    fileDir: 'E:\\github\\fastmap\\sources\\20180307-left',
    createTime: '2018-03-08' },
  { dirIndex: 2,
    fileDir: 'E:\\github\\fastmap\\sources\\20180307-right',
    createTime: '2018-03-08' } ]
[2018-03-08T16:34:53.602] [ERROR] dateFile - 接口/trackView/business/getPhotosByIndex?dirIndex=0请求失败! TypeError: Cannot read property 'fileDir' of undefined
    at new NewSqlite (E:/github/fastmap/TrackViewer/server/sqliteConnect.js:15:24)
    at new Business (E:/github/fastmap/TrackViewer/server/controller/Business.js:9:19)
    at E:/github/fastmap/TrackViewer/routes/business.js:13:24
    at Layer.handle [as handle_request] (E:\github\fastmap\TrackViewer\node_modules\express\lib\router\layer.js:95:5)
    at next (E:\github\fastmap\TrackViewer\node_modules\express\lib\router\route.js:137:13)
    at Route.dispatch (E:\github\fastmap\TrackViewer\node_modules\express\lib\router\route.js:112:3)
    at Layer.handle [as handle_request] (E:\github\fastmap\TrackViewer\node_modules\express\lib\router\layer.js:95:5)
    at E:\github\fastmap\TrackViewer\node_modules\express\lib\router\index.js:281:22
    at Function.process_params (E:\github\fastmap\TrackViewer\node_modules\express\lib\router\index.js:335:12)
    at next (E:\github\fastmap\TrackViewer\node_modules\express\lib\router\index.js:275:10)
[2018-03-08T16:36:10.238] [INFO] dateFile - [ { dirIndex: 0,
    fileDir: 'E:\\github\\fastmap\\sources\\20180307',
    createTime: '2018-03-08' },
  { dirIndex: 1,
    fileDir: 'E:\\github\\fastmap\\sources\\20180307-left',
    createTime: '2018-03-08' },
  { dirIndex: 2,
    fileDir: 'E:\\github\\fastmap\\sources\\20180307-right',
    createTime: '2018-03-08' } ]
[2018-03-08T16:37:18.745] [INFO] dateFile - [ { dirIndex: 0,
    fileDir: 'E:\\github\\fastmap\\sources\\20180307',
    createTime: '2018-03-08' },
  { dirIndex: 1,
    fileDir: 'E:\\github\\fastmap\\sources\\20180307-left',
    createTime: '2018-03-08' },
  { dirIndex: 2,
    fileDir: 'E:\\github\\fastmap\\sources\\20180307-right',
    createTime: '2018-03-08' } ]
[2018-03-08T16:37:47.950] [INFO] dateFile - [ { dirIndex: 0,
    fileDir: 'E:\\github\\fastmap\\sources\\20180307',
    createTime: '2018-03-08' },
  { dirIndex: 1,
    fileDir: 'E:\\github\\fastmap\\sources\\20180307-left',
    createTime: '2018-03-08' },
  { dirIndex: 2,
    fileDir: 'E:\\github\\fastmap\\sources\\20180307-right',
    createTime: '2018-03-08' } ]
[2018-03-08T16:38:28.527] [INFO] dateFile - [ { dirIndex: 0,
    fileDir: 'E:\\github\\fastmap\\sources\\20180307',
    createTime: '2018-03-08' },
  { dirIndex: 1,
    fileDir: 'E:\\github\\fastmap\\sources\\20180307-left',
    createTime: '2018-03-08' },
  { dirIndex: 2,
    fileDir: 'E:\\github\\fastmap\\sources\\20180307-right',
    createTime: '2018-03-08' } ]
[2018-03-08T16:40:57.405] [INFO] dateFile - [ { dirIndex: 0,
    fileDir: 'E:\\github\\fastmap\\sources\\20180307',
    createTime: '2018-03-08' },
  { dirIndex: 1,
    fileDir: 'E:\\github\\fastmap\\sources\\20180307-left',
    createTime: '2018-03-08' },
  { dirIndex: 2,
    fileDir: 'E:\\github\\fastmap\\sources\\20180307-right',
    createTime: '2018-03-08' } ]
[2018-03-08T16:40:59.798] [INFO] dateFile - [ { dirIndex: 0,
    fileDir: 'E:\\github\\fastmap\\sources\\20180307',
    createTime: '2018-03-08' },
  { dirIndex: 1,
    fileDir: 'E:\\github\\fastmap\\sources\\20180307-left',
    createTime: '2018-03-08' },
  { dirIndex: 2,
    fileDir: 'E:\\github\\fastmap\\sources\\20180307-right',
    createTime: '2018-03-08' } ]
[2018-03-08T16:41:13.962] [INFO] dateFile - [ { dirIndex: 0,
    fileDir: 'E:\\github\\fastmap\\sources\\20180307',
    createTime: '2018-03-08' },
  { dirIndex: 1,
    fileDir: 'E:\\github\\fastmap\\sources\\20180307-left',
    createTime: '2018-03-08' },
  { dirIndex: 2,
    fileDir: 'E:\\github\\fastmap\\sources\\20180307-right',
    createTime: '2018-03-08' } ]
[2018-03-08T16:41:50.338] [INFO] dateFile - [ { dirIndex: 0,
    fileDir: 'E:\\github\\fastmap\\sources\\20180307',
    createTime: '2018-03-08' },
  { dirIndex: 1,
    fileDir: 'E:\\github\\fastmap\\sources\\20180307-left',
    createTime: '2018-03-08' },
  { dirIndex: 2,
    fileDir: 'E:\\github\\fastmap\\sources\\20180307-right',
    createTime: '2018-03-08' } ]
[2018-03-08T16:41:53.357] [INFO] dateFile - [ { dirIndex: 0,
    fileDir: 'E:\\github\\fastmap\\sources\\20180307',
    createTime: '2018-03-08' },
  { dirIndex: 1,
    fileDir: 'E:\\github\\fastmap\\sources\\20180307-left',
    createTime: '2018-03-08' },
  { dirIndex: 2,
    fileDir: 'E:\\github\\fastmap\\sources\\20180307-right',
    createTime: '2018-03-08' } ]
[2018-03-08T16:41:57.895] [INFO] dateFile - [ { dirIndex: 0,
    fileDir: 'E:\\github\\fastmap\\sources\\20180307',
    createTime: '2018-03-08' },
  { dirIndex: 1,
    fileDir: 'E:\\github\\fastmap\\sources\\20180307-left',
    createTime: '2018-03-08' },
  { dirIndex: 2,
    fileDir: 'E:\\github\\fastmap\\sources\\20180307-right',
    createTime: '2018-03-08' } ]
[2018-03-08T16:47:38.677] [INFO] dateFile - [ { dirIndex: 0,
    fileDir: 'E:\\github\\fastmap\\sources\\20180307',
    createTime: '2018-03-08' },
  { dirIndex: 1,
    fileDir: 'E:\\github\\fastmap\\sources\\20180307-left',
    createTime: '2018-03-08' },
  { dirIndex: 2,
    fileDir: 'E:\\github\\fastmap\\sources\\20180307-right',
    createTime: '2018-03-08' } ]
[2018-03-08T16:47:38.689] [INFO] dateFile - ++++++++ Stats {
  dev: 863825,
  mode: 33206,
  nlink: 1,
  uid: 0,
  gid: 0,
  rdev: 0,
  blksize: undefined,
  ino: 5910974512282650,
  size: 0,
  blocks: undefined,
  atime: 2018-03-08T08:41:53.371Z,
  mtime: 2018-03-08T08:41:53.371Z,
  ctime: 2018-03-08T08:41:53.371Z,
  birthtime: 2018-03-08T08:41:53.371Z }
[2018-03-08T16:49:58.031] [INFO] dateFile - [ { dirIndex: 0,
    fileDir: 'E:\\github\\fastmap\\sources\\20180307',
    createTime: '2018-03-08' },
  { dirIndex: 1,
    fileDir: 'E:\\github\\fastmap\\sources\\20180307-left',
    createTime: '2018-03-08' },
  { dirIndex: 2,
    fileDir: 'E:\\github\\fastmap\\sources\\20180307-right',
    createTime: '2018-03-08' } ]
[2018-03-08T16:51:12.466] [INFO] dateFile - [ { dirIndex: 0,
    fileDir: 'E:\\github\\fastmap\\sources\\20180307',
    createTime: '2018-03-08' },
  { dirIndex: 1,
    fileDir: 'E:\\github\\fastmap\\sources\\20180307-left',
    createTime: '2018-03-08' },
  { dirIndex: 2,
    fileDir: 'E:\\github\\fastmap\\sources\\20180307-right',
    createTime: '2018-03-08' } ]
[2018-03-08T16:51:16.096] [INFO] dateFile - [ { dirIndex: 0,
    fileDir: 'E:\\github\\fastmap\\sources\\20180307',
    createTime: '2018-03-08' },
  { dirIndex: 1,
    fileDir: 'E:\\github\\fastmap\\sources\\20180307-left',
    createTime: '2018-03-08' },
  { dirIndex: 2,
    fileDir: 'E:\\github\\fastmap\\sources\\20180307-right',
    createTime: '2018-03-08' } ]
[2018-03-08T16:53:06.929] [INFO] dateFile - [ { dirIndex: 0,
    fileDir: 'E:\\github\\fastmap\\sources\\20180307',
    createTime: '2018-03-08' },
  { dirIndex: 1,
    fileDir: 'E:\\github\\fastmap\\sources\\20180307-left',
    createTime: '2018-03-08' },
  { dirIndex: 2,
    fileDir: 'E:\\github\\fastmap\\sources\\20180307-right',
    createTime: '2018-03-08' } ]
[2018-03-08T16:53:22.784] [INFO] dateFile - [ { dirIndex: 0,
    fileDir: 'E:\\github\\fastmap\\sources\\20180307',
    createTime: '2018-03-08' },
  { dirIndex: 1,
    fileDir: 'E:\\github\\fastmap\\sources\\20180307-left',
    createTime: '2018-03-08' },
  { dirIndex: 2,
    fileDir: 'E:\\github\\fastmap\\sources\\20180307-right',
    createTime: '2018-03-08' } ]
[2018-03-08T16:53:27.671] [INFO] dateFile - [ { dirIndex: 0,
    fileDir: 'E:\\github\\fastmap\\sources\\20180307',
    createTime: '2018-03-08' },
  { dirIndex: 1,
    fileDir: 'E:\\github\\fastmap\\sources\\20180307-left',
    createTime: '2018-03-08' },
  { dirIndex: 2,
    fileDir: 'E:\\github\\fastmap\\sources\\20180307-right',
    createTime: '2018-03-08' } ]
[2018-03-08T16:53:27.673] [ERROR] dateFile - 接口/trackView/business/getPhotosByIndex?dirIndex=2请求失败! Error: 路径 E:\github\fastmap\sources\20180307-right/playback-img.sqlite 下数据库文件不存在
    at NewSqlite.newConnect (E:/github/fastmap/TrackViewer/server/sqliteConnect.js:28:19)
    at new Business (E:/github/fastmap/TrackViewer/server/controller/Business.js:9:48)
    at E:/github/fastmap/TrackViewer/routes/business.js:13:24
    at Layer.handle [as handle_request] (E:\github\fastmap\TrackViewer\node_modules\express\lib\router\layer.js:95:5)
    at next (E:\github\fastmap\TrackViewer\node_modules\express\lib\router\route.js:137:13)
    at Route.dispatch (E:\github\fastmap\TrackViewer\node_modules\express\lib\router\route.js:112:3)
    at Layer.handle [as handle_request] (E:\github\fastmap\TrackViewer\node_modules\express\lib\router\layer.js:95:5)
    at E:\github\fastmap\TrackViewer\node_modules\express\lib\router\index.js:281:22
    at Function.process_params (E:\github\fastmap\TrackViewer\node_modules\express\lib\router\index.js:335:12)
    at next (E:\github\fastmap\TrackViewer\node_modules\express\lib\router\index.js:275:10)
[2018-03-08T16:55:04.490] [INFO] dateFile - [ { dirIndex: 0,
    fileDir: 'E:\\github\\fastmap\\sources\\20180307',
    createTime: '2018-03-08' },
  { dirIndex: 1,
    fileDir: 'E:\\github\\fastmap\\sources\\20180307-left',
    createTime: '2018-03-08' },
  { dirIndex: 2,
    fileDir: 'E:\\github\\fastmap\\sources\\20180307-right',
    createTime: '2018-03-08' } ]
[2018-03-08T16:55:04.491] [ERROR] dateFile - 接口/trackView/business/getPhotosByIndex?dirIndex=2请求失败! Error: 路径 E:\github\fastmap\sources\20180307-right/playback-img.sqlite 下数据库文件不存在
    at NewSqlite.newConnect (E:/github/fastmap/TrackViewer/server/sqliteConnect.js:28:19)
    at new Business (E:/github/fastmap/TrackViewer/server/controller/Business.js:9:48)
    at E:/github/fastmap/TrackViewer/routes/business.js:13:24
    at Layer.handle [as handle_request] (E:\github\fastmap\TrackViewer\node_modules\express\lib\router\layer.js:95:5)
    at next (E:\github\fastmap\TrackViewer\node_modules\express\lib\router\route.js:137:13)
    at Route.dispatch (E:\github\fastmap\TrackViewer\node_modules\express\lib\router\route.js:112:3)
    at Layer.handle [as handle_request] (E:\github\fastmap\TrackViewer\node_modules\express\lib\router\layer.js:95:5)
    at E:\github\fastmap\TrackViewer\node_modules\express\lib\router\index.js:281:22
    at Function.process_params (E:\github\fastmap\TrackViewer\node_modules\express\lib\router\index.js:335:12)
    at next (E:\github\fastmap\TrackViewer\node_modules\express\lib\router\index.js:275:10)
[2018-03-08T16:55:07.019] [INFO] dateFile - [ { dirIndex: 0,
    fileDir: 'E:\\github\\fastmap\\sources\\20180307',
    createTime: '2018-03-08' },
  { dirIndex: 1,
    fileDir: 'E:\\github\\fastmap\\sources\\20180307-left',
    createTime: '2018-03-08' },
  { dirIndex: 2,
    fileDir: 'E:\\github\\fastmap\\sources\\20180307-right',
    createTime: '2018-03-08' } ]
[2018-03-08T16:55:09.449] [INFO] dateFile - [ { dirIndex: 0,
    fileDir: 'E:\\github\\fastmap\\sources\\20180307',
    createTime: '2018-03-08' },
  { dirIndex: 1,
    fileDir: 'E:\\github\\fastmap\\sources\\20180307-left',
    createTime: '2018-03-08' },
  { dirIndex: 2,
    fileDir: 'E:\\github\\fastmap\\sources\\20180307-right',
    createTime: '2018-03-08' } ]
[2018-03-08T18:03:24.551] [INFO] dateFile - 251
[2018-03-08T18:03:56.986] [INFO] dateFile - 251
[2018-03-08T18:17:10.590] [INFO] dateFile - undefined
[2018-03-08T18:23:24.720] [INFO] dateFile - [ { dirIndex: 0,
    fileDir: 'E:\\github\\fastmap\\sources\\20180307',
    createTime: '2018-03-08' },
  { dirIndex: 1,
    fileDir: 'E:\\github\\fastmap\\sources\\20180307-left',
    createTime: '2018-03-08' },
  { dirIndex: 2,
    fileDir: 'E:\\github\\fastmap\\sources\\20180307-right',
    createTime: '2018-03-08' } ]
