[2018-03-09T09:11:30.707] [INFO] dateFile - [ { dirIndex: 0,
    fileDir: 'E:\\github\\fastmap\\sources\\20180307',
    createTime: '2018-03-08' },
  { dirIndex: 1,
    fileDir: 'E:\\github\\fastmap\\sources\\20180307-left',
    createTime: '2018-03-08' },
  { dirIndex: 2,
    fileDir: 'E:\\github\\fastmap\\sources\\20180307-right',
    createTime: '2018-03-08' } ]
[2018-03-09T09:38:10.050] [INFO] dateFile - [ { dirIndex: 0,
    fileDir: 'E:\\github\\fastmap\\sources\\20180307',
    createTime: '2018-03-08',
    flag: 'center' },
  { dirIndex: 1,
    fileDir: 'E:\\github\\fastmap\\sources\\20180307-left',
    createTime: '2018-03-08',
    flag: 'center' },
  { dirIndex: 2,
    fileDir: 'E:\\github\\fastmap\\sources\\20180307-right',
    createTime: '2018-03-08',
    flag: 'center' } ]
[2018-03-09T09:41:32.477] [INFO] dateFile - [ { dirIndex: 0,
    fileDir: 'E:\\github\\fastmap\\sources\\20180307',
    createTime: '2018-03-08',
    flag: 'center' },
  { dirIndex: 1,
    fileDir: 'E:\\github\\fastmap\\sources\\20180307-left',
    createTime: '2018-03-08',
    flag: 'center' },
  { dirIndex: 2,
    fileDir: 'E:\\github\\fastmap\\sources\\20180307-right',
    createTime: '2018-03-08',
    flag: 'center' } ]
